<?xml version="1.0" encoding="UTF-8"?>
<!-- Generated by org.testng.reporters.JUnitXMLReporter -->
<testsuite ignored="0" hostname="LAPTOP-1UE5VR8G" failures="0" tests="8" name="api_test" time="3.195" errors="0" timestamp="2021-09-10T22:04:31 EDT">
  <testcase classname="api_test.GetTestWithPathVariable" name="attemptToGetUserWithInvalidId" time="1.228"/>
  <testcase classname="api_test.GetTestWithPathVariable" name="getSingleUser" time="0.4"/>
  <testcase classname="api_test.GetTestWithQueryParameter" name="getUsersWithQueryParameter" time="0.129"/>
  <testcase classname="api_test.SimpleDeleteTest" name="deleteSingleUser" time="0.283"/>
  <testcase classname="api_test.SimpleGetTest" name="getAllUsers" time="0.1"/>
  <testcase classname="api_test.SimplePatchTest" name="UpdateUserFields" time="0.389"/>
  <testcase classname="api_test.SimplePostTest" name="CreateNewUser" time="0.347"/>
  <testcase classname="api_test.SimplePutTest" name="UpdateUserFields" time="0.307"/>
</testsuite> <!-- api_test -->
