<?xml version="1.0" encoding="UTF-8"?>
<!-- Generated by org.testng.reporters.JUnitXMLReporter -->
<testsuite ignored="0" hostname="LAPTOP-1UE5VR8G" failures="0" tests="2" name="Mortgage Calculator" time="14.116" errors="0" timestamp="2021-09-10T22:04:25 EDT">
  <testcase classname="automation_test.mortgage_calculator.CalculateMonthlyPayment" name="calculateMonthlyPayment" time="2.129"/>
  <testcase classname="automation_test.mortgage_calculator.CalculateRates" name="CalculateRealApr" time="3.214"/>
</testsuite> <!-- Mortgage Calculator -->
