<?xml version="1.0" encoding="UTF-8"?>
<testsuite xmlns:xsi="http://www.w3.org/2001/XMLSchema-instance" xsi:noNamespaceSchemaLocation="https://maven.apache.org/surefire/maven-surefire-plugin/xsd/surefire-test-report-3.0.xsd" version="3.0" name="TestSuite" time="20.643" tests="11" errors="0" skipped="0" failures="0">
  <properties>
[...]
</properties>
  <testcase name="calculateMonthlyPayment" classname="automation_test.mortgage_calculator.CalculateMonthlyPayment" time="2.083">
    <system-out><![CDATA[22:04:14.947 [main] INFO  automation_test.mortgage_calculator.CalculateMonthlyPayment - ---------- Start Test (CalculateMonthlyPayment)---------
22:04:16.614 [main] INFO  automation_test.mortgage_calculator.CalculateMonthlyPayment - Browser is successfully initiated with the url https://www.mortgagecalculator.org/
]]></system-out>
    <system-err><![CDATA[SLF4J: Failed to load class "org.slf4j.impl.StaticLoggerBinder".
SLF4J: Defaulting to no-operation (NOP) logger implementation
SLF4J: See http://www.slf4j.org/codes.html#StaticLoggerBinder for further details.
Starting ChromeDriver 93.0.4577.63 (ff5c0da2ec0adeaed5550e6c7e98417dac77d98a-refs/branch-heads/4577@{#1135}) on port 35609
Only local connections are allowed.
Please see https://chromedriver.chromium.org/security-considerations for suggestions on keeping ChromeDriver safe.
ChromeDriver was started successfully.
Sep 10, 2021 10:04:14 PM org.openqa.selenium.remote.ProtocolHandshake createSession
INFO: Detected dialect: W3C
]]></system-err>
  </testcase>
  <testcase name="CalculateRealApr" classname="automation_test.mortgage_calculator.CalculateRates" time="3.148">
    <system-out><![CDATA[22:04:19.468 [main] INFO  automation_test.mortgage_calculator.CalculateMonthlyPayment - Browser is closed
22:04:19.468 [main] INFO  automation_test.mortgage_calculator.CalculateMonthlyPayment - == End Test (CalculateMonthlyPayment)==
22:04:20.542 [main] INFO  automation_test.mortgage_calculator.CalculateRates - ---------- Start Test (CalculateRates)---------
22:04:22.021 [main] INFO  automation_test.mortgage_calculator.CalculateRates - Browser is successfully initiated with the url https://www.mortgagecalculator.org/
]]></system-out>
    <system-err><![CDATA[Starting ChromeDriver 93.0.4577.63 (ff5c0da2ec0adeaed5550e6c7e98417dac77d98a-refs/branch-heads/4577@{#1135}) on port 31381
Only local connections are allowed.
Please see https://chromedriver.chromium.org/security-considerations for suggestions on keeping ChromeDriver safe.
ChromeDriver was started successfully.
Sep 10, 2021 10:04:20 PM org.openqa.selenium.remote.ProtocolHandshake createSession
INFO: Detected dialect: W3C
]]></system-err>
  </testcase>
  <testcase name="verifyHomePageTitle" classname="automation_test.php_travel.ValidatePHPTravelWebTitle" time="0">
    <system-out><![CDATA[22:04:25.872 [main] INFO  automation_test.mortgage_calculator.CalculateRates - Browser is closed
22:04:25.872 [main] INFO  automation_test.mortgage_calculator.CalculateRates - == End Test (CalculateRates)==
22:04:26.949 [main] INFO  automation_test.php_travel.ValidatePHPTravelWebTitle - ---------- Start Test (ValidatePHPTravelWebTitle)---------
22:04:27.761 [main] INFO  automation_test.php_travel.ValidatePHPTravelWebTitle - Browser is successfully initiated with the url https://phptravels.com/demo/ 
]]></system-out>
    <system-err><![CDATA[Starting ChromeDriver 93.0.4577.63 (ff5c0da2ec0adeaed5550e6c7e98417dac77d98a-refs/branch-heads/4577@{#1135}) on port 30155
Only local connections are allowed.
Please see https://chromedriver.chromium.org/security-considerations for suggestions on keeping ChromeDriver safe.
ChromeDriver was started successfully.
Sep 10, 2021 10:04:26 PM org.openqa.selenium.remote.ProtocolHandshake createSession
INFO: Detected dialect: W3C
]]></system-err>
  </testcase>
  <testcase name="attemptToGetUserWithInvalidId" classname="api_test.GetTestWithPathVariable" time="1.233">
    <system-out><![CDATA[22:04:28.367 [main] INFO  automation_test.php_travel.ValidatePHPTravelWebTitle - Browser is closed
22:04:28.367 [main] INFO  automation_test.php_travel.ValidatePHPTravelWebTitle - == End Test (ValidatePHPTravelWebTitle)==
22:04:28.371 [main] INFO  api_test.GetTestWithPathVariable - --------------------API Test: Attempt To Retrieve User With Invalid id
22:04:29.599 [main] INFO  api_test.GetTestWithPathVariable - --------------------End Test: Attempt To Retrieve User With Invalid id
]]></system-out>
  </testcase>
  <testcase name="getSingleUser" classname="api_test.GetTestWithPathVariable" time="0.4">
    <system-out><![CDATA[22:04:29.603 [main] INFO  api_test.GetTestWithPathVariable - --------------------API Test: Read(Get) A Single User with Path Variable
22:04:30.001 [main] INFO  api_test.GetTestWithPathVariable - --------------------End Test: Read(Get) A Single User with Path Variable
]]></system-out>
  </testcase>
  <testcase name="getUsersWithQueryParameter" classname="api_test.GetTestWithQueryParameter" time="0.129">
    <system-out><![CDATA[22:04:30.004 [main] INFO  api_test.GetTestWithQueryParameter - --------------------API Test: Read(Get) ALL Users with query Parameter
22:04:30.131 [main] INFO  api_test.GetTestWithQueryParameter - --------------------End Test: Read(Get) ALL Users with query Parameter
]]></system-out>
  </testcase>
  <testcase name="deleteSingleUser" classname="api_test.SimpleDeleteTest" time="0.282">
    <system-out><![CDATA[22:04:30.133 [main] INFO  api_test.SimpleDeleteTest - --------------------API Test: Delete User
22:04:30.415 [main] INFO  api_test.SimpleDeleteTest - --------------------End Test: Delete User
]]></system-out>
  </testcase>
  <testcase name="getAllUsers" classname="api_test.SimpleGetTest" time="0.102">
    <system-out><![CDATA[22:04:30.417 [main] INFO  api_test.SimpleGetTest - --------------------API Test: Read(Get) ALL Users
22:04:30.516 [main] INFO  api_test.SimpleGetTest - --------------------End Test: Read(Get) ALL Users
]]></system-out>
  </testcase>
  <testcase name="UpdateUserFields" classname="api_test.SimplePatchTest" time="0.391">
    <system-out><![CDATA[22:04:30.518 [main] INFO  api_test.SimplePatchTest - --------------------API Test: Update(Patch) User's Single Field
22:04:30.906 [main] INFO  api_test.SimplePatchTest - --------------------End Test: Update(Patch) User's Single Field
]]></system-out>
  </testcase>
  <testcase name="CreateNewUser" classname="api_test.SimplePostTest" time="0.346">
    <system-out><![CDATA[22:04:30.908 [main] INFO  api_test.SimplePostTest - --------------------API Test: Create(Post) A New User
22:04:31.254 [main] INFO  api_test.SimplePostTest - --------------------End Test: Create(Post) A New User
]]></system-out>
  </testcase>
  <testcase name="UpdateUserFields" classname="api_test.SimplePutTest" time="0.311">
    <system-out><![CDATA[22:04:31.257 [main] INFO  api_test.SimplePutTest - --------------------API Test: Update User Fields
22:04:31.563 [main] INFO  api_test.SimplePutTest - --------------------End Test: Update User Fields
]]></system-out>
  </testcase>
</testsuite>