<?xml version="1.0" encoding="UTF-8"?>
<testng-results ignored="0" total="11" passed="11" failed="0" skipped="0">
  <reporter-output>
  </reporter-output>
  <suite started-at="2021-09-10T22:04:11 EDT" name="test_automation" finished-at="2021-09-10T22:04:31 EDT" duration-ms="19808">
    <groups>
    </groups>
    <test started-at="2021-09-10T22:04:11 EDT" name="Mortgage Calculator" finished-at="2021-09-10T22:04:25 EDT" duration-ms="14116">
      <class name="automation_test.mortgage_calculator.CalculateMonthlyPayment">
        <test-method is-config="true" signature="browserInitialization()[pri:0, instance:automation_test.mortgage_calculator.CalculateMonthlyPayment@6db66836]" started-at="2021-09-10T22:04:11 EDT" name="browserInitialization" finished-at="2021-09-10T22:04:16 EDT" duration-ms="4837" status="PASS">
          <reporter-output>
          </reporter-output>
        </test-method> <!-- browserInitialization -->
        <test-method signature="calculateMonthlyPayment()[pri:0, instance:automation_test.mortgage_calculator.CalculateMonthlyPayment@6db66836]" started-at="2021-09-10T22:04:16 EDT" name="calculateMonthlyPayment" finished-at="2021-09-10T22:04:18 EDT" duration-ms="2129" status="PASS">
          <reporter-output>
          </reporter-output>
        </test-method> <!-- calculateMonthlyPayment -->
        <test-method is-config="true" signature="testCleanup()[pri:0, instance:automation_test.mortgage_calculator.CalculateMonthlyPayment@6db66836]" started-at="2021-09-10T22:04:18 EDT" name="testCleanup" finished-at="2021-09-10T22:04:19 EDT" duration-ms="622" status="PASS">
          <reporter-output>
          </reporter-output>
        </test-method> <!-- testCleanup -->
      </class> <!-- automation_test.mortgage_calculator.CalculateMonthlyPayment -->
      <class name="automation_test.mortgage_calculator.CalculateRates">
        <test-method is-config="true" signature="browserInitialization()[pri:0, instance:automation_test.mortgage_calculator.CalculateRates@1b9ea3e3]" started-at="2021-09-10T22:04:19 EDT" name="browserInitialization" finished-at="2021-09-10T22:04:22 EDT" duration-ms="2551" status="PASS">
          <reporter-output>
          </reporter-output>
        </test-method> <!-- browserInitialization -->
        <test-method signature="CalculateRealApr()[pri:0, instance:automation_test.mortgage_calculator.CalculateRates@1b9ea3e3]" started-at="2021-09-10T22:04:22 EDT" name="CalculateRealApr" finished-at="2021-09-10T22:04:25 EDT" duration-ms="3214" status="PASS">
          <reporter-output>
          </reporter-output>
        </test-method> <!-- CalculateRealApr -->
        <test-method is-config="true" signature="testCleanup()[pri:0, instance:automation_test.mortgage_calculator.CalculateRates@1b9ea3e3]" started-at="2021-09-10T22:04:25 EDT" name="testCleanup" finished-at="2021-09-10T22:04:25 EDT" duration-ms="632" status="PASS">
          <reporter-output>
          </reporter-output>
        </test-method> <!-- testCleanup -->
      </class> <!-- automation_test.mortgage_calculator.CalculateRates -->
    </test> <!-- Mortgage Calculator -->
    <test started-at="2021-09-10T22:04:25 EDT" name="PHP Travel" finished-at="2021-09-10T22:04:28 EDT" duration-ms="2486">
      <class name="automation_test.php_travel.ValidatePHPTravelWebTitle">
        <test-method is-config="true" signature="browserInitialization()[pri:0, instance:automation_test.php_travel.ValidatePHPTravelWebTitle@2d72f75e]" started-at="2021-09-10T22:04:25 EDT" name="browserInitialization" finished-at="2021-09-10T22:04:27 EDT" duration-ms="1878" status="PASS">
          <reporter-output>
          </reporter-output>
        </test-method> <!-- browserInitialization -->
        <test-method signature="verifyHomePageTitle()[pri:0, instance:automation_test.php_travel.ValidatePHPTravelWebTitle@2d72f75e]" started-at="2021-09-10T22:04:27 EDT" name="verifyHomePageTitle" finished-at="2021-09-10T22:04:27 EDT" duration-ms="5" status="PASS">
          <reporter-output>
          </reporter-output>
        </test-method> <!-- verifyHomePageTitle -->
        <test-method is-config="true" signature="testCleanup()[pri:0, instance:automation_test.php_travel.ValidatePHPTravelWebTitle@2d72f75e]" started-at="2021-09-10T22:04:27 EDT" name="testCleanup" finished-at="2021-09-10T22:04:28 EDT" duration-ms="599" status="PASS">
          <reporter-output>
          </reporter-output>
        </test-method> <!-- testCleanup -->
      </class> <!-- automation_test.php_travel.ValidatePHPTravelWebTitle -->
    </test> <!-- PHP Travel -->
    <test started-at="2021-09-10T22:04:28 EDT" name="api_test" finished-at="2021-09-10T22:04:31 EDT" duration-ms="3195">
      <class name="api_test.SimplePostTest">
        <test-method signature="CreateNewUser()[pri:0, instance:api_test.SimplePostTest@5dda6f9]" started-at="2021-09-10T22:04:30 EDT" name="CreateNewUser" finished-at="2021-09-10T22:04:31 EDT" duration-ms="347" status="PASS">
          <reporter-output>
          </reporter-output>
        </test-method> <!-- CreateNewUser -->
      </class> <!-- api_test.SimplePostTest -->
      <class name="api_test.SimpleGetTest">
        <test-method signature="getAllUsers()[pri:0, instance:api_test.SimpleGetTest@7d373bcf]" started-at="2021-09-10T22:04:30 EDT" name="getAllUsers" finished-at="2021-09-10T22:04:30 EDT" duration-ms="100" status="PASS">
          <reporter-output>
          </reporter-output>
        </test-method> <!-- getAllUsers -->
      </class> <!-- api_test.SimpleGetTest -->
      <class name="api_test.SimplePatchTest">
        <test-method signature="UpdateUserFields()[pri:0, instance:api_test.SimplePatchTest@6d6bc158]" started-at="2021-09-10T22:04:30 EDT" name="UpdateUserFields" finished-at="2021-09-10T22:04:30 EDT" duration-ms="389" status="PASS">
          <reporter-output>
          </reporter-output>
        </test-method> <!-- UpdateUserFields -->
      </class> <!-- api_test.SimplePatchTest -->
      <class name="api_test.SimplePutTest">
        <test-method signature="UpdateUserFields()[pri:0, instance:api_test.SimplePutTest@10027fc9]" started-at="2021-09-10T22:04:31 EDT" name="UpdateUserFields" finished-at="2021-09-10T22:04:31 EDT" duration-ms="307" status="PASS">
          <reporter-output>
          </reporter-output>
        </test-method> <!-- UpdateUserFields -->
      </class> <!-- api_test.SimplePutTest -->
      <class name="api_test.SimpleDeleteTest">
        <test-method signature="deleteSingleUser()[pri:0, instance:api_test.SimpleDeleteTest@13006998]" started-at="2021-09-10T22:04:30 EDT" name="deleteSingleUser" finished-at="2021-09-10T22:04:30 EDT" duration-ms="283" status="PASS">
          <reporter-output>
          </reporter-output>
        </test-method> <!-- deleteSingleUser -->
      </class> <!-- api_test.SimpleDeleteTest -->
      <class name="api_test.GetTestWithQueryParameter">
        <test-method signature="getUsersWithQueryParameter()[pri:0, instance:api_test.GetTestWithQueryParameter@560513ce]" started-at="2021-09-10T22:04:30 EDT" name="getUsersWithQueryParameter" finished-at="2021-09-10T22:04:30 EDT" duration-ms="129" status="PASS">
          <reporter-output>
          </reporter-output>
        </test-method> <!-- getUsersWithQueryParameter -->
      </class> <!-- api_test.GetTestWithQueryParameter -->
      <class name="api_test.GetTestWithPathVariable">
        <test-method signature="attemptToGetUserWithInvalidId()[pri:0, instance:api_test.GetTestWithPathVariable@41beb473]" started-at="2021-09-10T22:04:28 EDT" name="attemptToGetUserWithInvalidId" finished-at="2021-09-10T22:04:29 EDT" duration-ms="1228" status="PASS">
          <reporter-output>
          </reporter-output>
        </test-method> <!-- attemptToGetUserWithInvalidId -->
        <test-method signature="getSingleUser()[pri:0, instance:api_test.GetTestWithPathVariable@41beb473]" started-at="2021-09-10T22:04:29 EDT" name="getSingleUser" finished-at="2021-09-10T22:04:30 EDT" duration-ms="400" status="PASS">
          <reporter-output>
          </reporter-output>
        </test-method> <!-- getSingleUser -->
      </class> <!-- api_test.GetTestWithPathVariable -->
    </test> <!-- api_test -->
  </suite> <!-- test_automation -->
</testng-results>
